<?xml version="1.0" encoding="UTF-8"?>
<!-- Generated by org.testng.reporters.JUnitXMLReporter -->
<testsuite ignored="0" hostname="Lenovo" failures="0" tests="2" name="Default test" time="25.842" errors="0" timestamp="2024-01-13T17:19:25 IST">
  <testcase classname="test.VerifySearchTabTest" name="verifyIfProdutsAreDisplayedOnValidSearch" time="2.007"/>
  <testcase classname="test.VerifySearchTabTest" name="verifyIfProdutsAreNotDisplayedOnInvalidSearch" time="1.935"/>
</testsuite> <!-- Default test -->
