<?xml version="1.0" encoding="UTF-8"?>
<!-- Generated by org.testng.reporters.JUnitXMLReporter -->
<testsuite ignored="1" hostname="Lenovo" failures="0" tests="1" name="Default test" time="18.12" errors="0" timestamp="2024-01-07T18:11:37 IST">
  <testcase classname="test.AddToCartTest" name="verifyIfUserIsAbleToAddMultipleProductToCartUsingQuickViewOption" time="5.235"/>
  <testcase classname="test.AddToCartTest" name="verifyIfUserIsAbleToAddProductToCartUsingQuickViewOption" time="0.0">
    <ignored/>
  </testcase> <!-- verifyIfUserIsAbleToAddProductToCartUsingQuickViewOption -->
</testsuite> <!-- Default test -->
