<?xml version="1.0" encoding="UTF-8"?>
<!-- Generated by org.testng.reporters.JUnitXMLReporter -->
<testsuite ignored="0" hostname="Lenovo" failures="0" tests="7" name="ChromeTest" time="185.263" errors="0" timestamp="2024-01-10T18:20:33 IST">
  <testcase classname="test.PraticeTest" name="searchProduct" time="9.717"/>
  <testcase classname="test.AddToCartTest" name="verifyIfUserIsAbleToAddProductToCartUsingQuickViewOption" time="3.887"/>
  <testcase classname="test.AddToCartTest" name="verifyIfUserIsAbleToAddMultipleProductToCartUsingQuickViewOption" time="6.772"/>
  <testcase classname="test.ProductDescriptionTest" name="verifyIfUserIsAbleToAddProductToCartUsingDescription" time="4.959"/>
  <testcase classname="test.verifyShoppingCategoriesTest" name="verifyIfUserIsAbleToAccessShoppingCategories" time="2.429"/>
  <testcase classname="test.verifySearchTab" name="verifyIfProdutsAreDisplayedOnValidSearch" time="1.913"/>
  <testcase classname="test.verifySearchTab" name="verifyIfProdutsAreNotDisplayedOnInvalidSearch" time="77.547"/>
</testsuite> <!-- ChromeTest -->
