<?xml version="1.0" encoding="UTF-8"?>
<testng-results ignored="0" total="2" passed="2" failed="0" skipped="0">
  <reporter-output>
  </reporter-output>
  <suite started-at="2024-01-13T17:18:59 IST" name="Default suite" finished-at="2024-01-13T17:19:25 IST" duration-ms="25842">
    <groups>
    </groups>
    <test started-at="2024-01-13T17:18:59 IST" name="Default test" finished-at="2024-01-13T17:19:25 IST" duration-ms="25842">
      <class name="test.VerifySearchTabTest">
        <test-method is-config="true" signature="configureReports()[pri:0, instance:test.VerifySearchTabTest@7b98f307]" started-at="2024-01-13T17:18:59 IST" name="configureReports" finished-at="2024-01-13T17:18:59 IST" duration-ms="330" status="PASS">
          <reporter-output>
          </reporter-output>
        </test-method> <!-- configureReports -->
        <test-method is-config="true" signature="openApplication()[pri:0, instance:test.VerifySearchTabTest@7b98f307]" started-at="2024-01-13T17:18:59 IST" name="openApplication" finished-at="2024-01-13T17:19:10 IST" duration-ms="10349" status="PASS">
          <reporter-output>
          </reporter-output>
        </test-method> <!-- openApplication -->
        <test-method signature="verifyIfProdutsAreDisplayedOnValidSearch()[pri:1, instance:test.VerifySearchTabTest@7b98f307]" started-at="2024-01-13T17:19:10 IST" name="verifyIfProdutsAreDisplayedOnValidSearch" finished-at="2024-01-13T17:19:12 IST" duration-ms="2007" status="PASS">
          <reporter-output>
          </reporter-output>
        </test-method> <!-- verifyIfProdutsAreDisplayedOnValidSearch -->
        <test-method is-config="true" signature="addTestStatus(org.testng.ITestResult)[pri:0, instance:test.VerifySearchTabTest@7b98f307]" started-at="2024-01-13T17:19:12 IST" name="addTestStatus" finished-at="2024-01-13T17:19:12 IST" duration-ms="21" status="PASS">
          <params>
            <param index="0">
              <value>
                <![CDATA[[TestResult name=verifyIfProdutsAreDisplayedOnValidSearch status=SUCCESS method=VerifySearchTabTest.verifyIfProdutsAreDisplayedOnValidSearch()[pri:1, instance:test.VerifySearchTabTest@7b98f307] output={null}]]]>
              </value>
            </param>
          </params>
          <reporter-output>
          </reporter-output>
        </test-method> <!-- addTestStatus -->
        <test-method is-config="true" signature="openApplication()[pri:0, instance:test.VerifySearchTabTest@7b98f307]" started-at="2024-01-13T17:19:12 IST" name="openApplication" finished-at="2024-01-13T17:19:22 IST" duration-ms="10159" status="PASS">
          <reporter-output>
          </reporter-output>
        </test-method> <!-- openApplication -->
        <test-method signature="verifyIfProdutsAreNotDisplayedOnInvalidSearch()[pri:2, instance:test.VerifySearchTabTest@7b98f307]" started-at="2024-01-13T17:19:22 IST" name="verifyIfProdutsAreNotDisplayedOnInvalidSearch" finished-at="2024-01-13T17:19:24 IST" duration-ms="1935" status="PASS">
          <reporter-output>
          </reporter-output>
        </test-method> <!-- verifyIfProdutsAreNotDisplayedOnInvalidSearch -->
        <test-method is-config="true" signature="addTestStatus(org.testng.ITestResult)[pri:0, instance:test.VerifySearchTabTest@7b98f307]" started-at="2024-01-13T17:19:24 IST" name="addTestStatus" finished-at="2024-01-13T17:19:24 IST" duration-ms="2" status="PASS">
          <params>
            <param index="0">
              <value>
                <![CDATA[[TestResult name=verifyIfProdutsAreNotDisplayedOnInvalidSearch status=SUCCESS method=VerifySearchTabTest.verifyIfProdutsAreNotDisplayedOnInvalidSearch()[pri:2, instance:test.VerifySearchTabTest@7b98f307] output={null}]]]>
              </value>
            </param>
          </params>
          <reporter-output>
          </reporter-output>
        </test-method> <!-- addTestStatus -->
        <test-method is-config="true" signature="publishReports()[pri:0, instance:test.VerifySearchTabTest@7b98f307]" started-at="2024-01-13T17:19:24 IST" name="publishReports" finished-at="2024-01-13T17:19:25 IST" duration-ms="963" status="PASS">
          <reporter-output>
          </reporter-output>
        </test-method> <!-- publishReports -->
      </class> <!-- test.VerifySearchTabTest -->
    </test> <!-- Default test -->
  </suite> <!-- Default suite -->
</testng-results>
